<?xml version="1.0" encoding="utf-8"?><testsuites><testsuite name="pytest" errors="0" failures="0" skipped="0" tests="32" time="12.652" timestamp="2026-05-29T10:39:26.977699-05:00" hostname="Sean-PC"><testcase classname="tests.test_a2a_cards" name="test_policy_and_knowledge_agent_cards_are_valid" time="0.001" /><testcase classname="tests.test_a2a_cards" name="test_required_p0_skills_present" time="0.001" /><testcase classname="tests.test_a2a_remote_call_logged" name="test_root_calls_policy_and_knowledge_agents_over_a2a" time="2.147" /><testcase classname="tests.test_adk_alignment" name="test_adk_alignment_descriptor_stays_conservative" time="0.000" /><testcase classname="tests.test_adk_alignment" name="test_adk_wrapper_delegates_to_verified_orchestrator" time="0.002" /><testcase classname="tests.test_adk_alignment" name="test_adk_wrapper_preserves_verified_trust_controls" time="2.378" /><testcase classname="tests.test_approval_gate" name="test_approval_gate_blocks_until_reviewer_decision" time="0.004" /><testcase classname="tests.test_approval_gate" name="test_approval_service_records_request_and_reviewer_decision" time="0.781" /><testcase classname="tests.test_claims_public_copy" name="test_public_copy_excludes_overclaims" time="0.001" /><testcase classname="tests.test_demo_ui_root_call" name="test_demo_ui_calls_remote_root_when_configured" time="0.001" /><testcase classname="tests.test_demo_ui_root_call" name="test_demo_ui_approval_calls_private_service_with_auth_headers" time="0.001" /><testcase classname="tests.test_demo_ui_root_call" name="test_demo_ui_review_result_shows_p1_proof_markers" time="0.000" /><testcase classname="tests.test_demo_ui_root_call" name="test_demo_ui_model_path_callout_shows_vertex_runtime_details" time="0.000" /><testcase classname="tests.test_demo_ui_root_call" name="test_demo_ui_private_service_error_names_401_403" time="0.000" /><testcase classname="tests.test_evidence_report" name="test_evidence_report_contains_p0_proof_sections" time="2.644" /><testcase classname="tests.test_evidence_verify" name="test_evidence_hash_chain_valid_and_tamper_detected" time="0.019" /><testcase classname="tests.test_evidence_verify" name="test_evidence_hash_chain_can_use_shared_gcs_backend" time="0.002" /><testcase classname="tests.test_gemini_context" name="test_gemini_prompt_uses_only_permitted_context" time="0.005" /><testcase classname="tests.test_gemini_context" name="test_local_summary_is_explicitly_labeled_for_tests_only" time="0.006" /><testcase classname="tests.test_gemini_context" name="test_root_records_model_summary_path" time="2.079" /><testcase classname="tests.test_gemini_context" name="test_request_body_claims_cannot_expand_gemini_context" time="2.190" /><testcase classname="tests.test_gemini_context" name="test_denied_source_guard_blocks_prompt_content" time="0.005" /><testcase classname="tests.test_gemini_context" name="test_vertex_output_guard_blocks_denied_source_text" time="0.005" /><testcase classname="tests.test_gemini_context" name="test_vertex_output_guard_blocks_completed_pending_export" time="0.005" /><testcase classname="tests.test_gemini_context" name="test_vertex_error_classification_is_actionable[DefaultCredentialsError unavailable-credential]" time="0.005" /><testcase classname="tests.test_gemini_context" name="test_vertex_error_classification_is_actionable[403 permission denied-permission]" time="0.005" /><testcase classname="tests.test_gemini_context" name="test_vertex_error_classification_is_actionable[429 ResourceExhausted quota exceeded-quota]" time="0.007" /><testcase classname="tests.test_gemini_context" name="test_vertex_error_classification_is_actionable[404 model not found in location-model]" time="0.005" /><testcase classname="tests.test_gemini_context" name="test_vertex_error_classification_is_actionable[API has not been used in project-api]" time="0.005" /><testcase classname="tests.test_identity_spoofing" name="test_identity_spoofing_request_body_claims_are_ignored" time="0.001" /><testcase classname="tests.test_policy_decisions" name="test_policy_allow_deny_and_approval_required" time="0.003" /><testcase classname="tests.test_rag_filtering" name="test_rag_filters_restricted_content_before_context" time="0.005" /></testsuite></testsuites>